<?xml version="1.0" encoding="UTF-8"?>
<testng-results ignored="0" total="28" passed="28" failed="0" skipped="0">
  <reporter-output>
  </reporter-output>
  <suite started-at="2025-03-19T09:18:58 IST" name="Cucumber Test Suite" finished-at="2025-03-19T09:22:06 IST" duration-ms="188736">
    <groups>
      <group name="cucumber">
        <method signature="AbstractTestNGCucumberTests.runScenario(io.cucumber.testng.PickleWrapper,io.cucumber.testng.FeatureWrapper)[pri:0, instance:capstoneproject.ZeroBank.runners.AccountSummaryRunner@77eca502]" name="runScenario" class="io.cucumber.testng.AbstractTestNGCucumberTests"/>
        <method signature="AbstractTestNGCucumberTests.runScenario(io.cucumber.testng.PickleWrapper,io.cucumber.testng.FeatureWrapper)[pri:0, instance:capstoneproject.ZeroBank.runners.AddNewPayeeRunner@3246fb96]" name="runScenario" class="io.cucumber.testng.AbstractTestNGCucumberTests"/>
        <method signature="AbstractTestNGCucumberTests.runScenario(io.cucumber.testng.PickleWrapper,io.cucumber.testng.FeatureWrapper)[pri:0, instance:capstoneproject.ZeroBank.runners.FundTransferRunner@2e222612]" name="runScenario" class="io.cucumber.testng.AbstractTestNGCucumberTests"/>
        <method signature="AbstractTestNGCucumberTests.runScenario(io.cucumber.testng.PickleWrapper,io.cucumber.testng.FeatureWrapper)[pri:0, instance:capstoneproject.ZeroBank.runners.LoginRunner@19d481b]" name="runScenario" class="io.cucumber.testng.AbstractTestNGCucumberTests"/>
        <method signature="AbstractTestNGCucumberTests.runScenario(io.cucumber.testng.PickleWrapper,io.cucumber.testng.FeatureWrapper)[pri:0, instance:capstoneproject.ZeroBank.runners.LogoutRunner@7671cb68]" name="runScenario" class="io.cucumber.testng.AbstractTestNGCucumberTests"/>
        <method signature="AbstractTestNGCucumberTests.runScenario(io.cucumber.testng.PickleWrapper,io.cucumber.testng.FeatureWrapper)[pri:0, instance:capstoneproject.ZeroBank.runners.OnlineStatementRunner@73ee04c8]" name="runScenario" class="io.cucumber.testng.AbstractTestNGCucumberTests"/>
        <method signature="AbstractTestNGCucumberTests.runScenario(io.cucumber.testng.PickleWrapper,io.cucumber.testng.FeatureWrapper)[pri:0, instance:capstoneproject.ZeroBank.runners.PayBillsRunner@61386958]" name="runScenario" class="io.cucumber.testng.AbstractTestNGCucumberTests"/>
        <method signature="AbstractTestNGCucumberTests.runScenario(io.cucumber.testng.PickleWrapper,io.cucumber.testng.FeatureWrapper)[pri:0, instance:capstoneproject.ZeroBank.runners.AccountSummaryRunner@4d02f94e]" name="runScenario" class="io.cucumber.testng.AbstractTestNGCucumberTests"/>
        <method signature="AbstractTestNGCucumberTests.runScenario(io.cucumber.testng.PickleWrapper,io.cucumber.testng.FeatureWrapper)[pri:0, instance:capstoneproject.ZeroBank.runners.AddNewPayeeRunner@2b48a640]" name="runScenario" class="io.cucumber.testng.AbstractTestNGCucumberTests"/>
        <method signature="AbstractTestNGCucumberTests.runScenario(io.cucumber.testng.PickleWrapper,io.cucumber.testng.FeatureWrapper)[pri:0, instance:capstoneproject.ZeroBank.runners.FundTransferRunner@1e683a3e]" name="runScenario" class="io.cucumber.testng.AbstractTestNGCucumberTests"/>
        <method signature="AbstractTestNGCucumberTests.runScenario(io.cucumber.testng.PickleWrapper,io.cucumber.testng.FeatureWrapper)[pri:0, instance:capstoneproject.ZeroBank.runners.LoginRunner@ea6147e]" name="runScenario" class="io.cucumber.testng.AbstractTestNGCucumberTests"/>
        <method signature="AbstractTestNGCucumberTests.runScenario(io.cucumber.testng.PickleWrapper,io.cucumber.testng.FeatureWrapper)[pri:0, instance:capstoneproject.ZeroBank.runners.LogoutRunner@14555e0a]" name="runScenario" class="io.cucumber.testng.AbstractTestNGCucumberTests"/>
        <method signature="AbstractTestNGCucumberTests.runScenario(io.cucumber.testng.PickleWrapper,io.cucumber.testng.FeatureWrapper)[pri:0, instance:capstoneproject.ZeroBank.runners.OnlineStatementRunner@7a419da4]" name="runScenario" class="io.cucumber.testng.AbstractTestNGCucumberTests"/>
        <method signature="AbstractTestNGCucumberTests.runScenario(io.cucumber.testng.PickleWrapper,io.cucumber.testng.FeatureWrapper)[pri:0, instance:capstoneproject.ZeroBank.runners.PayBillsRunner@2053d869]" name="runScenario" class="io.cucumber.testng.AbstractTestNGCucumberTests"/>
      </group> <!-- cucumber -->
    </groups>
    <test started-at="2025-03-19T09:18:58 IST" name="Edge" finished-at="2025-03-19T09:22:06 IST" duration-ms="187929">
      <class name="capstoneproject.ZeroBank.runners.PayBillsRunner">
        <test-method is-config="true" signature="setUpClass(org.testng.ITestContext)[pri:0, instance:capstoneproject.ZeroBank.runners.PayBillsRunner@2053d869]" started-at="2025-03-19T09:20:50 IST" name="setUpClass" finished-at="2025-03-19T09:20:50 IST" duration-ms="27" status="PASS">
          <params>
            <param index="0">
              <value>
                <![CDATA[org.testng.TestRunner@3527942a]]>
              </value>
            </param>
          </params>
          <reporter-output>
          </reporter-output>
        </test-method> <!-- setUpClass -->
        <test-method signature="runScenario(io.cucumber.testng.PickleWrapper,io.cucumber.testng.FeatureWrapper)[pri:0, instance:capstoneproject.ZeroBank.runners.PayBillsRunner@2053d869]" started-at="2025-03-19T09:20:50 IST" name="runScenario" description="Runs Cucumber Scenarios" data-provider="scenarios" finished-at="2025-03-19T09:21:01 IST" duration-ms="11117" status="PASS">
          <params>
            <param index="0">
              <value>
                <![CDATA["Successful Bill Payment"]]>
              </value>
            </param>
            <param index="1">
              <value>
                <![CDATA["Pay Bills"]]>
              </value>
            </param>
          </params>
          <reporter-output>
          </reporter-output>
        </test-method> <!-- runScenario -->
        <test-method signature="runScenario(io.cucumber.testng.PickleWrapper,io.cucumber.testng.FeatureWrapper)[pri:0, instance:capstoneproject.ZeroBank.runners.PayBillsRunner@2053d869]" started-at="2025-03-19T09:21:01 IST" name="runScenario" description="Runs Cucumber Scenarios" data-provider="scenarios" finished-at="2025-03-19T09:21:13 IST" duration-ms="12170" status="PASS">
          <params>
            <param index="0">
              <value>
                <![CDATA["Schedule a Bill Payment for a Future Date"]]>
              </value>
            </param>
            <param index="1">
              <value>
                <![CDATA["Pay Bills"]]>
              </value>
            </param>
          </params>
          <reporter-output>
          </reporter-output>
        </test-method> <!-- runScenario -->
        <test-method signature="runScenario(io.cucumber.testng.PickleWrapper,io.cucumber.testng.FeatureWrapper)[pri:0, instance:capstoneproject.ZeroBank.runners.PayBillsRunner@2053d869]" started-at="2025-03-19T09:21:13 IST" name="runScenario" description="Runs Cucumber Scenarios" data-provider="scenarios" finished-at="2025-03-19T09:21:25 IST" duration-ms="12002" status="PASS">
          <params>
            <param index="0">
              <value>
                <![CDATA["Pay Bills Without Entering Amount"]]>
              </value>
            </param>
            <param index="1">
              <value>
                <![CDATA["Pay Bills"]]>
              </value>
            </param>
          </params>
          <reporter-output>
          </reporter-output>
        </test-method> <!-- runScenario -->
        <test-method is-config="true" signature="tearDownClass()[pri:0, instance:capstoneproject.ZeroBank.runners.PayBillsRunner@2053d869]" started-at="2025-03-19T09:21:25 IST" name="tearDownClass" finished-at="2025-03-19T09:21:27 IST" duration-ms="1699" status="PASS">
          <reporter-output>
          </reporter-output>
        </test-method> <!-- tearDownClass -->
      </class> <!-- capstoneproject.ZeroBank.runners.PayBillsRunner -->
      <class name="capstoneproject.ZeroBank.runners.AccountSummaryRunner">
        <test-method is-config="true" signature="setUpClass(org.testng.ITestContext)[pri:0, instance:capstoneproject.ZeroBank.runners.AccountSummaryRunner@4d02f94e]" started-at="2025-03-19T09:19:47 IST" name="setUpClass" finished-at="2025-03-19T09:19:47 IST" duration-ms="46" status="PASS">
          <params>
            <param index="0">
              <value>
                <![CDATA[org.testng.TestRunner@3527942a]]>
              </value>
            </param>
          </params>
          <reporter-output>
          </reporter-output>
        </test-method> <!-- setUpClass -->
        <test-method signature="runScenario(io.cucumber.testng.PickleWrapper,io.cucumber.testng.FeatureWrapper)[pri:0, instance:capstoneproject.ZeroBank.runners.AccountSummaryRunner@4d02f94e]" started-at="2025-03-19T09:19:47 IST" name="runScenario" description="Runs Cucumber Scenarios" data-provider="scenarios" finished-at="2025-03-19T09:19:59 IST" duration-ms="11861" status="PASS">
          <params>
            <param index="0">
              <value>
                <![CDATA["Account Summary Page Loads Correctly"]]>
              </value>
            </param>
            <param index="1">
              <value>
                <![CDATA["Account Summary Module Functionality"]]>
              </value>
            </param>
          </params>
          <reporter-output>
          </reporter-output>
        </test-method> <!-- runScenario -->
        <test-method signature="runScenario(io.cucumber.testng.PickleWrapper,io.cucumber.testng.FeatureWrapper)[pri:0, instance:capstoneproject.ZeroBank.runners.AccountSummaryRunner@4d02f94e]" started-at="2025-03-19T09:19:59 IST" name="runScenario" description="Runs Cucumber Scenarios" data-provider="scenarios" finished-at="2025-03-19T09:20:10 IST" duration-ms="10660" status="PASS">
          <params>
            <param index="0">
              <value>
                <![CDATA["Validate Account Types"]]>
              </value>
            </param>
            <param index="1">
              <value>
                <![CDATA["Account Summary Module Functionality"]]>
              </value>
            </param>
          </params>
          <reporter-output>
          </reporter-output>
        </test-method> <!-- runScenario -->
        <test-method is-config="true" signature="tearDownClass()[pri:0, instance:capstoneproject.ZeroBank.runners.AccountSummaryRunner@4d02f94e]" started-at="2025-03-19T09:20:10 IST" name="tearDownClass" finished-at="2025-03-19T09:20:11 IST" duration-ms="1298" status="PASS">
          <reporter-output>
          </reporter-output>
        </test-method> <!-- tearDownClass -->
      </class> <!-- capstoneproject.ZeroBank.runners.AccountSummaryRunner -->
      <class name="capstoneproject.ZeroBank.runners.FundTransferRunner">
        <test-method is-config="true" signature="setUpClass(org.testng.ITestContext)[pri:0, instance:capstoneproject.ZeroBank.runners.FundTransferRunner@1e683a3e]" started-at="2025-03-19T09:20:36 IST" name="setUpClass" finished-at="2025-03-19T09:20:36 IST" duration-ms="44" status="PASS">
          <params>
            <param index="0">
              <value>
                <![CDATA[org.testng.TestRunner@3527942a]]>
              </value>
            </param>
          </params>
          <reporter-output>
          </reporter-output>
        </test-method> <!-- setUpClass -->
        <test-method signature="runScenario(io.cucumber.testng.PickleWrapper,io.cucumber.testng.FeatureWrapper)[pri:0, instance:capstoneproject.ZeroBank.runners.FundTransferRunner@1e683a3e]" started-at="2025-03-19T09:20:36 IST" name="runScenario" description="Runs Cucumber Scenarios" data-provider="scenarios" finished-at="2025-03-19T09:20:49 IST" duration-ms="12504" status="PASS">
          <params>
            <param index="0">
              <value>
                <![CDATA["Successful Fund Transfer"]]>
              </value>
            </param>
            <param index="1">
              <value>
                <![CDATA["Fund Transfer"]]>
              </value>
            </param>
          </params>
          <reporter-output>
          </reporter-output>
        </test-method> <!-- runScenario -->
        <test-method is-config="true" signature="tearDownClass()[pri:0, instance:capstoneproject.ZeroBank.runners.FundTransferRunner@1e683a3e]" started-at="2025-03-19T09:20:49 IST" name="tearDownClass" finished-at="2025-03-19T09:20:50 IST" duration-ms="1174" status="PASS">
          <reporter-output>
          </reporter-output>
        </test-method> <!-- tearDownClass -->
      </class> <!-- capstoneproject.ZeroBank.runners.FundTransferRunner -->
      <class name="capstoneproject.ZeroBank.runners.OnlineStatementRunner">
        <test-method is-config="true" signature="setUpClass(org.testng.ITestContext)[pri:0, instance:capstoneproject.ZeroBank.runners.OnlineStatementRunner@7a419da4]" started-at="2025-03-19T09:21:27 IST" name="setUpClass" finished-at="2025-03-19T09:21:27 IST" duration-ms="27" status="PASS">
          <params>
            <param index="0">
              <value>
                <![CDATA[org.testng.TestRunner@3527942a]]>
              </value>
            </param>
          </params>
          <reporter-output>
          </reporter-output>
        </test-method> <!-- setUpClass -->
        <test-method signature="runScenario(io.cucumber.testng.PickleWrapper,io.cucumber.testng.FeatureWrapper)[pri:0, instance:capstoneproject.ZeroBank.runners.OnlineStatementRunner@7a419da4]" started-at="2025-03-19T09:21:27 IST" name="runScenario" description="Runs Cucumber Scenarios" data-provider="scenarios" finished-at="2025-03-19T09:21:44 IST" duration-ms="16699" status="PASS">
          <params>
            <param index="0">
              <value>
                <![CDATA["Download Account Statement"]]>
              </value>
            </param>
            <param index="1">
              <value>
                <![CDATA["Statements & Documents Module"]]>
              </value>
            </param>
          </params>
          <reporter-output>
          </reporter-output>
        </test-method> <!-- runScenario -->
        <test-method is-config="true" signature="tearDownClass()[pri:0, instance:capstoneproject.ZeroBank.runners.OnlineStatementRunner@7a419da4]" started-at="2025-03-19T09:21:44 IST" name="tearDownClass" finished-at="2025-03-19T09:21:45 IST" duration-ms="1270" status="PASS">
          <reporter-output>
          </reporter-output>
        </test-method> <!-- tearDownClass -->
      </class> <!-- capstoneproject.ZeroBank.runners.OnlineStatementRunner -->
      <class name="capstoneproject.ZeroBank.runners.LogoutRunner">
        <test-method is-config="true" signature="setUpClass(org.testng.ITestContext)[pri:0, instance:capstoneproject.ZeroBank.runners.LogoutRunner@14555e0a]" started-at="2025-03-19T09:21:45 IST" name="setUpClass" finished-at="2025-03-19T09:21:45 IST" duration-ms="21" status="PASS">
          <params>
            <param index="0">
              <value>
                <![CDATA[org.testng.TestRunner@3527942a]]>
              </value>
            </param>
          </params>
          <reporter-output>
          </reporter-output>
        </test-method> <!-- setUpClass -->
        <test-method signature="runScenario(io.cucumber.testng.PickleWrapper,io.cucumber.testng.FeatureWrapper)[pri:0, instance:capstoneproject.ZeroBank.runners.LogoutRunner@14555e0a]" started-at="2025-03-19T09:21:45 IST" name="runScenario" description="Runs Cucumber Scenarios" data-provider="scenarios" finished-at="2025-03-19T09:21:54 IST" duration-ms="9405" status="PASS">
          <params>
            <param index="0">
              <value>
                <![CDATA["Logout Successfully"]]>
              </value>
            </param>
            <param index="1">
              <value>
                <![CDATA["Logout Functionality"]]>
              </value>
            </param>
          </params>
          <reporter-output>
          </reporter-output>
        </test-method> <!-- runScenario -->
        <test-method signature="runScenario(io.cucumber.testng.PickleWrapper,io.cucumber.testng.FeatureWrapper)[pri:0, instance:capstoneproject.ZeroBank.runners.LogoutRunner@14555e0a]" started-at="2025-03-19T09:21:54 IST" name="runScenario" description="Runs Cucumber Scenarios" data-provider="scenarios" finished-at="2025-03-19T09:22:04 IST" duration-ms="9702" status="PASS">
          <params>
            <param index="0">
              <value>
                <![CDATA["Verify Session Expiry After Logout"]]>
              </value>
            </param>
            <param index="1">
              <value>
                <![CDATA["Logout Functionality"]]>
              </value>
            </param>
          </params>
          <reporter-output>
          </reporter-output>
        </test-method> <!-- runScenario -->
        <test-method is-config="true" signature="tearDownClass()[pri:0, instance:capstoneproject.ZeroBank.runners.LogoutRunner@14555e0a]" started-at="2025-03-19T09:22:04 IST" name="tearDownClass" finished-at="2025-03-19T09:22:06 IST" duration-ms="1348" status="PASS">
          <reporter-output>
          </reporter-output>
        </test-method> <!-- tearDownClass -->
      </class> <!-- capstoneproject.ZeroBank.runners.LogoutRunner -->
      <class name="capstoneproject.ZeroBank.runners.AddNewPayeeRunner">
        <test-method is-config="true" signature="setUpClass(org.testng.ITestContext)[pri:0, instance:capstoneproject.ZeroBank.runners.AddNewPayeeRunner@2b48a640]" started-at="2025-03-19T09:20:11 IST" name="setUpClass" finished-at="2025-03-19T09:20:11 IST" duration-ms="78" status="PASS">
          <params>
            <param index="0">
              <value>
                <![CDATA[org.testng.TestRunner@3527942a]]>
              </value>
            </param>
          </params>
          <reporter-output>
          </reporter-output>
        </test-method> <!-- setUpClass -->
        <test-method signature="runScenario(io.cucumber.testng.PickleWrapper,io.cucumber.testng.FeatureWrapper)[pri:0, instance:capstoneproject.ZeroBank.runners.AddNewPayeeRunner@2b48a640]" started-at="2025-03-19T09:20:11 IST" name="runScenario" description="Runs Cucumber Scenarios" data-provider="scenarios" finished-at="2025-03-19T09:20:23 IST" duration-ms="11854" status="PASS">
          <params>
            <param index="0">
              <value>
                <![CDATA["Successfully Adding a New Payee"]]>
              </value>
            </param>
            <param index="1">
              <value>
                <![CDATA["Add a New Payee Functionality"]]>
              </value>
            </param>
          </params>
          <reporter-output>
          </reporter-output>
        </test-method> <!-- runScenario -->
        <test-method signature="runScenario(io.cucumber.testng.PickleWrapper,io.cucumber.testng.FeatureWrapper)[pri:0, instance:capstoneproject.ZeroBank.runners.AddNewPayeeRunner@2b48a640]" started-at="2025-03-19T09:20:23 IST" name="runScenario" description="Runs Cucumber Scenarios" data-provider="scenarios" finished-at="2025-03-19T09:20:35 IST" duration-ms="12043" status="PASS">
          <params>
            <param index="0">
              <value>
                <![CDATA["Add Payee with Missing Details"]]>
              </value>
            </param>
            <param index="1">
              <value>
                <![CDATA["Add a New Payee Functionality"]]>
              </value>
            </param>
          </params>
          <reporter-output>
          </reporter-output>
        </test-method> <!-- runScenario -->
        <test-method is-config="true" signature="tearDownClass()[pri:0, instance:capstoneproject.ZeroBank.runners.AddNewPayeeRunner@2b48a640]" started-at="2025-03-19T09:20:35 IST" name="tearDownClass" finished-at="2025-03-19T09:20:36 IST" duration-ms="1413" status="PASS">
          <reporter-output>
          </reporter-output>
        </test-method> <!-- tearDownClass -->
      </class> <!-- capstoneproject.ZeroBank.runners.AddNewPayeeRunner -->
      <class name="capstoneproject.ZeroBank.runners.LoginRunner">
        <test-method is-config="true" signature="setUpClass(org.testng.ITestContext)[pri:0, instance:capstoneproject.ZeroBank.runners.LoginRunner@ea6147e]" started-at="2025-03-19T09:18:58 IST" name="setUpClass" finished-at="2025-03-19T09:19:00 IST" duration-ms="1852" status="PASS">
          <params>
            <param index="0">
              <value>
                <![CDATA[org.testng.TestRunner@3527942a]]>
              </value>
            </param>
          </params>
          <reporter-output>
          </reporter-output>
        </test-method> <!-- setUpClass -->
        <test-method signature="runScenario(io.cucumber.testng.PickleWrapper,io.cucumber.testng.FeatureWrapper)[pri:0, instance:capstoneproject.ZeroBank.runners.LoginRunner@ea6147e]" started-at="2025-03-19T09:19:00 IST" name="runScenario" description="Runs Cucumber Scenarios" data-provider="scenarios" finished-at="2025-03-19T09:19:18 IST" duration-ms="18776" status="PASS">
          <params>
            <param index="0">
              <value>
                <![CDATA["Successful Login"]]>
              </value>
            </param>
            <param index="1">
              <value>
                <![CDATA["Login Functionality"]]>
              </value>
            </param>
          </params>
          <reporter-output>
          </reporter-output>
        </test-method> <!-- runScenario -->
        <test-method signature="runScenario(io.cucumber.testng.PickleWrapper,io.cucumber.testng.FeatureWrapper)[pri:0, instance:capstoneproject.ZeroBank.runners.LoginRunner@ea6147e]" started-at="2025-03-19T09:19:18 IST" name="runScenario" description="Runs Cucumber Scenarios" data-provider="scenarios" finished-at="2025-03-19T09:19:30 IST" duration-ms="11899" status="PASS">
          <params>
            <param index="0">
              <value>
                <![CDATA["Invalid Login"]]>
              </value>
            </param>
            <param index="1">
              <value>
                <![CDATA["Login Functionality"]]>
              </value>
            </param>
          </params>
          <reporter-output>
          </reporter-output>
        </test-method> <!-- runScenario -->
        <test-method signature="runScenario(io.cucumber.testng.PickleWrapper,io.cucumber.testng.FeatureWrapper)[pri:0, instance:capstoneproject.ZeroBank.runners.LoginRunner@ea6147e]" started-at="2025-03-19T09:19:30 IST" name="runScenario" description="Runs Cucumber Scenarios" data-provider="scenarios" finished-at="2025-03-19T09:19:41 IST" duration-ms="11054" status="PASS">
          <params>
            <param index="0">
              <value>
                <![CDATA["Empty Username & Password Validation"]]>
              </value>
            </param>
            <param index="1">
              <value>
                <![CDATA["Login Functionality"]]>
              </value>
            </param>
          </params>
          <reporter-output>
          </reporter-output>
        </test-method> <!-- runScenario -->
        <test-method is-config="true" signature="tearDownClass()[pri:0, instance:capstoneproject.ZeroBank.runners.LoginRunner@ea6147e]" started-at="2025-03-19T09:19:41 IST" name="tearDownClass" finished-at="2025-03-19T09:19:47 IST" duration-ms="5749" status="PASS">
          <reporter-output>
          </reporter-output>
        </test-method> <!-- tearDownClass -->
      </class> <!-- capstoneproject.ZeroBank.runners.LoginRunner -->
    </test> <!-- Edge -->
    <test started-at="2025-03-19T09:18:58 IST" name="Chrome" finished-at="2025-03-19T09:22:06 IST" duration-ms="188736">
      <class name="capstoneproject.ZeroBank.runners.PayBillsRunner">
        <test-method is-config="true" signature="setUpClass(org.testng.ITestContext)[pri:0, instance:capstoneproject.ZeroBank.runners.PayBillsRunner@61386958]" started-at="2025-03-19T09:20:51 IST" name="setUpClass" finished-at="2025-03-19T09:20:51 IST" duration-ms="70" status="PASS">
          <params>
            <param index="0">
              <value>
                <![CDATA[org.testng.TestRunner@3f6f6701]]>
              </value>
            </param>
          </params>
          <reporter-output>
          </reporter-output>
        </test-method> <!-- setUpClass -->
        <test-method signature="runScenario(io.cucumber.testng.PickleWrapper,io.cucumber.testng.FeatureWrapper)[pri:0, instance:capstoneproject.ZeroBank.runners.PayBillsRunner@61386958]" started-at="2025-03-19T09:20:51 IST" name="runScenario" description="Runs Cucumber Scenarios" data-provider="scenarios" finished-at="2025-03-19T09:21:03 IST" duration-ms="12254" status="PASS">
          <params>
            <param index="0">
              <value>
                <![CDATA["Successful Bill Payment"]]>
              </value>
            </param>
            <param index="1">
              <value>
                <![CDATA["Pay Bills"]]>
              </value>
            </param>
          </params>
          <reporter-output>
          </reporter-output>
        </test-method> <!-- runScenario -->
        <test-method signature="runScenario(io.cucumber.testng.PickleWrapper,io.cucumber.testng.FeatureWrapper)[pri:0, instance:capstoneproject.ZeroBank.runners.PayBillsRunner@61386958]" started-at="2025-03-19T09:21:03 IST" name="runScenario" description="Runs Cucumber Scenarios" data-provider="scenarios" finished-at="2025-03-19T09:21:15 IST" duration-ms="12106" status="PASS">
          <params>
            <param index="0">
              <value>
                <![CDATA["Schedule a Bill Payment for a Future Date"]]>
              </value>
            </param>
            <param index="1">
              <value>
                <![CDATA["Pay Bills"]]>
              </value>
            </param>
          </params>
          <reporter-output>
          </reporter-output>
        </test-method> <!-- runScenario -->
        <test-method signature="runScenario(io.cucumber.testng.PickleWrapper,io.cucumber.testng.FeatureWrapper)[pri:0, instance:capstoneproject.ZeroBank.runners.PayBillsRunner@61386958]" started-at="2025-03-19T09:21:15 IST" name="runScenario" description="Runs Cucumber Scenarios" data-provider="scenarios" finished-at="2025-03-19T09:21:27 IST" duration-ms="11434" status="PASS">
          <params>
            <param index="0">
              <value>
                <![CDATA["Pay Bills Without Entering Amount"]]>
              </value>
            </param>
            <param index="1">
              <value>
                <![CDATA["Pay Bills"]]>
              </value>
            </param>
          </params>
          <reporter-output>
          </reporter-output>
        </test-method> <!-- runScenario -->
        <test-method is-config="true" signature="tearDownClass()[pri:0, instance:capstoneproject.ZeroBank.runners.PayBillsRunner@61386958]" started-at="2025-03-19T09:21:27 IST" name="tearDownClass" finished-at="2025-03-19T09:21:27 IST" duration-ms="671" status="PASS">
          <reporter-output>
          </reporter-output>
        </test-method> <!-- tearDownClass -->
      </class> <!-- capstoneproject.ZeroBank.runners.PayBillsRunner -->
      <class name="capstoneproject.ZeroBank.runners.AccountSummaryRunner">
        <test-method is-config="true" signature="setUpClass(org.testng.ITestContext)[pri:0, instance:capstoneproject.ZeroBank.runners.AccountSummaryRunner@77eca502]" started-at="2025-03-19T09:19:47 IST" name="setUpClass" finished-at="2025-03-19T09:19:47 IST" duration-ms="31" status="PASS">
          <params>
            <param index="0">
              <value>
                <![CDATA[org.testng.TestRunner@3f6f6701]]>
              </value>
            </param>
          </params>
          <reporter-output>
          </reporter-output>
        </test-method> <!-- setUpClass -->
        <test-method signature="runScenario(io.cucumber.testng.PickleWrapper,io.cucumber.testng.FeatureWrapper)[pri:0, instance:capstoneproject.ZeroBank.runners.AccountSummaryRunner@77eca502]" started-at="2025-03-19T09:19:47 IST" name="runScenario" description="Runs Cucumber Scenarios" data-provider="scenarios" finished-at="2025-03-19T09:20:01 IST" duration-ms="13646" status="PASS">
          <params>
            <param index="0">
              <value>
                <![CDATA["Account Summary Page Loads Correctly"]]>
              </value>
            </param>
            <param index="1">
              <value>
                <![CDATA["Account Summary Module Functionality"]]>
              </value>
            </param>
          </params>
          <reporter-output>
          </reporter-output>
        </test-method> <!-- runScenario -->
        <test-method signature="runScenario(io.cucumber.testng.PickleWrapper,io.cucumber.testng.FeatureWrapper)[pri:0, instance:capstoneproject.ZeroBank.runners.AccountSummaryRunner@77eca502]" started-at="2025-03-19T09:20:01 IST" name="runScenario" description="Runs Cucumber Scenarios" data-provider="scenarios" finished-at="2025-03-19T09:20:11 IST" duration-ms="10274" status="PASS">
          <params>
            <param index="0">
              <value>
                <![CDATA["Validate Account Types"]]>
              </value>
            </param>
            <param index="1">
              <value>
                <![CDATA["Account Summary Module Functionality"]]>
              </value>
            </param>
          </params>
          <reporter-output>
          </reporter-output>
        </test-method> <!-- runScenario -->
        <test-method is-config="true" signature="tearDownClass()[pri:0, instance:capstoneproject.ZeroBank.runners.AccountSummaryRunner@77eca502]" started-at="2025-03-19T09:20:11 IST" name="tearDownClass" finished-at="2025-03-19T09:20:12 IST" duration-ms="654" status="PASS">
          <reporter-output>
          </reporter-output>
        </test-method> <!-- tearDownClass -->
      </class> <!-- capstoneproject.ZeroBank.runners.AccountSummaryRunner -->
      <class name="capstoneproject.ZeroBank.runners.FundTransferRunner">
        <test-method is-config="true" signature="setUpClass(org.testng.ITestContext)[pri:0, instance:capstoneproject.ZeroBank.runners.FundTransferRunner@2e222612]" started-at="2025-03-19T09:20:37 IST" name="setUpClass" finished-at="2025-03-19T09:20:37 IST" duration-ms="58" status="PASS">
          <params>
            <param index="0">
              <value>
                <![CDATA[org.testng.TestRunner@3f6f6701]]>
              </value>
            </param>
          </params>
          <reporter-output>
          </reporter-output>
        </test-method> <!-- setUpClass -->
        <test-method signature="runScenario(io.cucumber.testng.PickleWrapper,io.cucumber.testng.FeatureWrapper)[pri:0, instance:capstoneproject.ZeroBank.runners.FundTransferRunner@2e222612]" started-at="2025-03-19T09:20:37 IST" name="runScenario" description="Runs Cucumber Scenarios" data-provider="scenarios" finished-at="2025-03-19T09:20:50 IST" duration-ms="12961" status="PASS">
          <params>
            <param index="0">
              <value>
                <![CDATA["Successful Fund Transfer"]]>
              </value>
            </param>
            <param index="1">
              <value>
                <![CDATA["Fund Transfer"]]>
              </value>
            </param>
          </params>
          <reporter-output>
          </reporter-output>
        </test-method> <!-- runScenario -->
        <test-method is-config="true" signature="tearDownClass()[pri:0, instance:capstoneproject.ZeroBank.runners.FundTransferRunner@2e222612]" started-at="2025-03-19T09:20:50 IST" name="tearDownClass" finished-at="2025-03-19T09:20:51 IST" duration-ms="622" status="PASS">
          <reporter-output>
          </reporter-output>
        </test-method> <!-- tearDownClass -->
      </class> <!-- capstoneproject.ZeroBank.runners.FundTransferRunner -->
      <class name="capstoneproject.ZeroBank.runners.OnlineStatementRunner">
        <test-method is-config="true" signature="setUpClass(org.testng.ITestContext)[pri:0, instance:capstoneproject.ZeroBank.runners.OnlineStatementRunner@73ee04c8]" started-at="2025-03-19T09:21:27 IST" name="setUpClass" finished-at="2025-03-19T09:21:28 IST" duration-ms="22" status="PASS">
          <params>
            <param index="0">
              <value>
                <![CDATA[org.testng.TestRunner@3f6f6701]]>
              </value>
            </param>
          </params>
          <reporter-output>
          </reporter-output>
        </test-method> <!-- setUpClass -->
        <test-method signature="runScenario(io.cucumber.testng.PickleWrapper,io.cucumber.testng.FeatureWrapper)[pri:0, instance:capstoneproject.ZeroBank.runners.OnlineStatementRunner@73ee04c8]" started-at="2025-03-19T09:21:28 IST" name="runScenario" description="Runs Cucumber Scenarios" data-provider="scenarios" finished-at="2025-03-19T09:21:45 IST" duration-ms="17024" status="PASS">
          <params>
            <param index="0">
              <value>
                <![CDATA["Download Account Statement"]]>
              </value>
            </param>
            <param index="1">
              <value>
                <![CDATA["Statements & Documents Module"]]>
              </value>
            </param>
          </params>
          <reporter-output>
          </reporter-output>
        </test-method> <!-- runScenario -->
        <test-method is-config="true" signature="tearDownClass()[pri:0, instance:capstoneproject.ZeroBank.runners.OnlineStatementRunner@73ee04c8]" started-at="2025-03-19T09:21:45 IST" name="tearDownClass" finished-at="2025-03-19T09:21:46 IST" duration-ms="1107" status="PASS">
          <reporter-output>
          </reporter-output>
        </test-method> <!-- tearDownClass -->
      </class> <!-- capstoneproject.ZeroBank.runners.OnlineStatementRunner -->
      <class name="capstoneproject.ZeroBank.runners.LogoutRunner">
        <test-method is-config="true" signature="setUpClass(org.testng.ITestContext)[pri:0, instance:capstoneproject.ZeroBank.runners.LogoutRunner@7671cb68]" started-at="2025-03-19T09:21:46 IST" name="setUpClass" finished-at="2025-03-19T09:21:46 IST" duration-ms="16" status="PASS">
          <params>
            <param index="0">
              <value>
                <![CDATA[org.testng.TestRunner@3f6f6701]]>
              </value>
            </param>
          </params>
          <reporter-output>
          </reporter-output>
        </test-method> <!-- setUpClass -->
        <test-method signature="runScenario(io.cucumber.testng.PickleWrapper,io.cucumber.testng.FeatureWrapper)[pri:0, instance:capstoneproject.ZeroBank.runners.LogoutRunner@7671cb68]" started-at="2025-03-19T09:21:46 IST" name="runScenario" description="Runs Cucumber Scenarios" data-provider="scenarios" finished-at="2025-03-19T09:21:56 IST" duration-ms="10454" status="PASS">
          <params>
            <param index="0">
              <value>
                <![CDATA["Logout Successfully"]]>
              </value>
            </param>
            <param index="1">
              <value>
                <![CDATA["Logout Functionality"]]>
              </value>
            </param>
          </params>
          <reporter-output>
          </reporter-output>
        </test-method> <!-- runScenario -->
        <test-method signature="runScenario(io.cucumber.testng.PickleWrapper,io.cucumber.testng.FeatureWrapper)[pri:0, instance:capstoneproject.ZeroBank.runners.LogoutRunner@7671cb68]" started-at="2025-03-19T09:21:56 IST" name="runScenario" description="Runs Cucumber Scenarios" data-provider="scenarios" finished-at="2025-03-19T09:22:06 IST" duration-ms="9846" status="PASS">
          <params>
            <param index="0">
              <value>
                <![CDATA["Verify Session Expiry After Logout"]]>
              </value>
            </param>
            <param index="1">
              <value>
                <![CDATA["Logout Functionality"]]>
              </value>
            </param>
          </params>
          <reporter-output>
          </reporter-output>
        </test-method> <!-- runScenario -->
        <test-method is-config="true" signature="tearDownClass()[pri:0, instance:capstoneproject.ZeroBank.runners.LogoutRunner@7671cb68]" started-at="2025-03-19T09:22:06 IST" name="tearDownClass" finished-at="2025-03-19T09:22:06 IST" duration-ms="372" status="PASS">
          <reporter-output>
          </reporter-output>
        </test-method> <!-- tearDownClass -->
      </class> <!-- capstoneproject.ZeroBank.runners.LogoutRunner -->
      <class name="capstoneproject.ZeroBank.runners.AddNewPayeeRunner">
        <test-method is-config="true" signature="setUpClass(org.testng.ITestContext)[pri:0, instance:capstoneproject.ZeroBank.runners.AddNewPayeeRunner@3246fb96]" started-at="2025-03-19T09:20:12 IST" name="setUpClass" finished-at="2025-03-19T09:20:12 IST" duration-ms="66" status="PASS">
          <params>
            <param index="0">
              <value>
                <![CDATA[org.testng.TestRunner@3f6f6701]]>
              </value>
            </param>
          </params>
          <reporter-output>
          </reporter-output>
        </test-method> <!-- setUpClass -->
        <test-method signature="runScenario(io.cucumber.testng.PickleWrapper,io.cucumber.testng.FeatureWrapper)[pri:0, instance:capstoneproject.ZeroBank.runners.AddNewPayeeRunner@3246fb96]" started-at="2025-03-19T09:20:12 IST" name="runScenario" description="Runs Cucumber Scenarios" data-provider="scenarios" finished-at="2025-03-19T09:20:25 IST" duration-ms="12946" status="PASS">
          <params>
            <param index="0">
              <value>
                <![CDATA["Successfully Adding a New Payee"]]>
              </value>
            </param>
            <param index="1">
              <value>
                <![CDATA["Add a New Payee Functionality"]]>
              </value>
            </param>
          </params>
          <reporter-output>
          </reporter-output>
        </test-method> <!-- runScenario -->
        <test-method signature="runScenario(io.cucumber.testng.PickleWrapper,io.cucumber.testng.FeatureWrapper)[pri:0, instance:capstoneproject.ZeroBank.runners.AddNewPayeeRunner@3246fb96]" started-at="2025-03-19T09:20:25 IST" name="runScenario" description="Runs Cucumber Scenarios" data-provider="scenarios" finished-at="2025-03-19T09:20:36 IST" duration-ms="11591" status="PASS">
          <params>
            <param index="0">
              <value>
                <![CDATA["Add Payee with Missing Details"]]>
              </value>
            </param>
            <param index="1">
              <value>
                <![CDATA["Add a New Payee Functionality"]]>
              </value>
            </param>
          </params>
          <reporter-output>
          </reporter-output>
        </test-method> <!-- runScenario -->
        <test-method is-config="true" signature="tearDownClass()[pri:0, instance:capstoneproject.ZeroBank.runners.AddNewPayeeRunner@3246fb96]" started-at="2025-03-19T09:20:36 IST" name="tearDownClass" finished-at="2025-03-19T09:20:37 IST" duration-ms="839" status="PASS">
          <reporter-output>
          </reporter-output>
        </test-method> <!-- tearDownClass -->
      </class> <!-- capstoneproject.ZeroBank.runners.AddNewPayeeRunner -->
      <class name="capstoneproject.ZeroBank.runners.LoginRunner">
        <test-method is-config="true" signature="setUpClass(org.testng.ITestContext)[pri:0, instance:capstoneproject.ZeroBank.runners.LoginRunner@19d481b]" started-at="2025-03-19T09:18:58 IST" name="setUpClass" finished-at="2025-03-19T09:19:00 IST" duration-ms="1852" status="PASS">
          <params>
            <param index="0">
              <value>
                <![CDATA[org.testng.TestRunner@3f6f6701]]>
              </value>
            </param>
          </params>
          <reporter-output>
          </reporter-output>
        </test-method> <!-- setUpClass -->
        <test-method signature="runScenario(io.cucumber.testng.PickleWrapper,io.cucumber.testng.FeatureWrapper)[pri:0, instance:capstoneproject.ZeroBank.runners.LoginRunner@19d481b]" started-at="2025-03-19T09:19:00 IST" name="runScenario" description="Runs Cucumber Scenarios" data-provider="scenarios" finished-at="2025-03-19T09:19:18 IST" duration-ms="18776" status="PASS">
          <params>
            <param index="0">
              <value>
                <![CDATA["Successful Login"]]>
              </value>
            </param>
            <param index="1">
              <value>
                <![CDATA["Login Functionality"]]>
              </value>
            </param>
          </params>
          <reporter-output>
          </reporter-output>
        </test-method> <!-- runScenario -->
        <test-method signature="runScenario(io.cucumber.testng.PickleWrapper,io.cucumber.testng.FeatureWrapper)[pri:0, instance:capstoneproject.ZeroBank.runners.LoginRunner@19d481b]" started-at="2025-03-19T09:19:18 IST" name="runScenario" description="Runs Cucumber Scenarios" data-provider="scenarios" finished-at="2025-03-19T09:19:31 IST" duration-ms="12601" status="PASS">
          <params>
            <param index="0">
              <value>
                <![CDATA["Invalid Login"]]>
              </value>
            </param>
            <param index="1">
              <value>
                <![CDATA["Login Functionality"]]>
              </value>
            </param>
          </params>
          <reporter-output>
          </reporter-output>
        </test-method> <!-- runScenario -->
        <test-method signature="runScenario(io.cucumber.testng.PickleWrapper,io.cucumber.testng.FeatureWrapper)[pri:0, instance:capstoneproject.ZeroBank.runners.LoginRunner@19d481b]" started-at="2025-03-19T09:19:31 IST" name="runScenario" description="Runs Cucumber Scenarios" data-provider="scenarios" finished-at="2025-03-19T09:19:45 IST" duration-ms="13934" status="PASS">
          <params>
            <param index="0">
              <value>
                <![CDATA["Empty Username & Password Validation"]]>
              </value>
            </param>
            <param index="1">
              <value>
                <![CDATA["Login Functionality"]]>
              </value>
            </param>
          </params>
          <reporter-output>
          </reporter-output>
        </test-method> <!-- runScenario -->
        <test-method is-config="true" signature="tearDownClass()[pri:0, instance:capstoneproject.ZeroBank.runners.LoginRunner@19d481b]" started-at="2025-03-19T09:19:45 IST" name="tearDownClass" finished-at="2025-03-19T09:19:47 IST" duration-ms="2378" status="PASS">
          <reporter-output>
          </reporter-output>
        </test-method> <!-- tearDownClass -->
      </class> <!-- capstoneproject.ZeroBank.runners.LoginRunner -->
    </test> <!-- Chrome -->
  </suite> <!-- Cucumber Test Suite -->
</testng-results>
